\BOOKMARK [0][-]{chapter.1}{Introduction}{}% 1
\BOOKMARK [1][-]{section.1.1}{Project Motivation}{chapter.1}% 2
\BOOKMARK [1][-]{section.1.2}{Goals and Scope of Project}{chapter.1}% 3
\BOOKMARK [1][-]{section.1.3}{Methodology}{chapter.1}% 4
\BOOKMARK [1][-]{section.1.4}{Outline}{chapter.1}% 5
\BOOKMARK [0][-]{chapter.2}{Theory}{}% 6
\BOOKMARK [1][-]{section.2.1}{Linear Programming}{chapter.2}% 7
\BOOKMARK [1][-]{section.2.2}{Integer Programming}{chapter.2}% 8
\BOOKMARK [1][-]{section.2.3}{Constraints Programming}{chapter.2}% 9
\BOOKMARK [0][-]{chapter.3}{Vehicle Routing Problem}{}% 10
\BOOKMARK [1][-]{section.3.1}{Problem Statement}{chapter.3}% 11
\BOOKMARK [1][-]{section.3.2}{Problem Definition}{chapter.3}% 12
\BOOKMARK [1][-]{section.3.3}{Solution methods for VRP}{chapter.3}% 13
\BOOKMARK [1][-]{section.3.4}{Computational Complexity}{chapter.3}% 14
\BOOKMARK [0][-]{chapter.4}{Implementation}{}% 15
\BOOKMARK [1][-]{section.4.1}{Tools}{chapter.4}% 16
\BOOKMARK [1][-]{section.4.2}{Datasets}{chapter.4}% 17
\BOOKMARK [1][-]{section.4.3}{Model Parameters}{chapter.4}% 18
\BOOKMARK [0][-]{chapter.5}{Results and Discussions}{}% 19
\BOOKMARK [1][-]{section.5.1}{Results}{chapter.5}% 20
\BOOKMARK [1][-]{section.5.2}{Discussions}{chapter.5}% 21
\BOOKMARK [0][-]{chapter.6}{Conclusions and Future Work}{}% 22
\BOOKMARK [0][-]{chapter.7}{References}{}% 23
\BOOKMARK [0][-]{appendix.A}{First Appendix}{}% 24
